<?xml version="1.0" encoding="UTF-8"?>
<testsuite name="io.github.devhyper.openvideoeditor.timeline.TimelineLogicTest" tests="3" skipped="0" failures="0" errors="0" timestamp="2026-01-28T10:31:05" hostname="devbox" time="0.1">
  <properties/>
  <testcase name="testSplitLogic" classname="io.github.devhyper.openvideoeditor.timeline.TimelineLogicTest" time="0.006"/>
  <testcase name="testTrackSorting" classname="io.github.devhyper.openvideoeditor.timeline.TimelineLogicTest" time="0.092"/>
  <testcase name="testDurationCalculation" classname="io.github.devhyper.openvideoeditor.timeline.TimelineLogicTest" time="0.001"/>
  <system-out><![CDATA[]]></system-out>
  <system-err><![CDATA[]]></system-err>
</testsuite>
